[LOG] System::create                           : Header version = 2.00.07. Current version = 2.00.07.
[LOG] Manager::init                            : maxchannels = 256 studioflags = 00000006 flags 00000000 extradriverdata 0000000000000000.
[LOG] SystemI::init                            : Initialize version=20007 (107206), maxchannels=256, flags=0x00020000
[LOG] SystemI::setOutputInternal               : Setting output to 'FMOD WASAPI Output'
[LOG] OutputWASAPI::init                       : Mix Format (WAVEFORMATEX): wFormatTag=0xFFFE, nChannels=2, nSamplesPerSec=48000, nAvgBytesPerSec=384000, nBlockAlign=8, wBitsPerSample=32, cbSize=22.
[LOG] OutputWASAPI::init                       : Mix Format (WAVEFORMATEXTENSIBLE): wValidBitsPerSample=32, dwChannelMask=0x00000003, SubFormat=00000003-0000-0010-8000-00AA00389B71.
[LOG] OutputWASAPI::init                       : Output buffer size: 4096 samples, latency: 0.00ms, period: 10.00ms, DSP buffer: 1024 * 4
[LOG] Thread::initThread                       : Init FMOD stream thread. Priority: 2, Stack Size: 98304, Semaphore: No, Sleep Time: 10, Looping: Yes.
[LOG] Thread::initThread                       : Init FMOD mixer thread. Priority: 3, Stack Size: 81920, Semaphore: No, Sleep Time: 0, Looping: Yes.
[LOG] AsyncManager::init                       : manager 000001B82F094FA8 isAsync 0 updatePeriod 0.02
[LOG] AsyncManager::init                       : done
[LOG] PlaybackSystem::init                     : 
[LOG] Thread::initThread                       : Init FMOD Studio sample load thread. Priority: 0, Stack Size: 98304, Semaphore: No, Sleep Time: 1, Looping: No.
[LOG] PlaybackSystem::init                     : done
[LOG] Thread::initThread                       : Init FMOD Studio bank load thread. Priority: 0, Stack Size: 98304, Semaphore: No, Sleep Time: 1, Looping: No.
[LOG] Manager::init                            : done.
[LOG] Manager::readBank                        : fileversion = 125, compatVersion = 119 (oldest = 44, newest = 125)
[LOG] PlaybackSystem::acquireMasterBus         : Setting master channel group format to 6
[LOG] SystemI::createSound                     : filename = FMOD_Banks/Desktop/Master.bank : mode 02010082
[LOG] SystemI::createSound                     : FMOD_NONBLOCKING specified.  Putting into queue to be opened asynchronously!
[LOG] Thread::initThread                       : Init FMOD nonblocking thread (0). Priority: 1, Stack Size: 114688, Semaphore: Yes, Sleep Time: 0, Looping: Yes.
[LOG] SystemI::createSound                     : setdata soundi = 000001B82AFE3478 : node = 000001B835A685C0
[LOG] SystemI::createSound                     : add node to async list : head = 000001B830C81A28.  list count = 0
[LOG] AsyncThread::threadFunc                  : Starting Asynchronous operation on sound 000001B82AFE3478
[LOG] SystemI::createSound                     : filename = FMOD_Banks/Desktop/Master.bank : mode 02010082
[LOG] SystemI::createSoundInternal             :     Create name='FMOD_Banks/Desktop/Master.bank', mode=0x02010082
[LOG] SystemI::createSound                     :     FMOD_NONBLOCKING specified.  Putting into queue to be opened asynchronously!
[LOG] SystemI::createSoundInternal             :     exinfo->cbsize             = 224
[LOG] SystemI::createSound                     :     setdata soundi = 000001B87CB9E988 : node = 000001B835A67F80
[LOG] SystemI::createSoundInternal             :     exinfo->length             = 924384
[LOG] SystemI::createSound                     :     add node to async list : head = 000001B830C81A28.  list count = 0
[LOG] SystemI::createSoundInternal             :     exinfo->fileoffset         = 11552
[LOG] SystemI::createSoundInternal             :     exinfo->numsubsounds       = 1
[LOG] SystemI::createSoundInternal             :     exinfo->inclusionlist      = 000001B835A686D0
[LOG] SystemI::createSoundInternal             :     exinfo->inclusionlistnum   = 1
[LOG] SystemI::createSoundInternal             :     exinfo->suggestedsoundtype = 5
[LOG] SystemI::createSoundInternal             :     exinfo->initialseekpostype = 1
[LOG] SystemI::createSoundInternal             :     Stream 0/1: name='C', format=2, channels=2, frequency=48000, lengthbytes=187616, lengthpcm=768000, pcmblocksize=0, loopstart=0, loopend=0, mode=0x00000000, channelmask=0x00000000, channelorder=0, peakvolume=0.474854.
[LOG] Thread::initThread                       :     Init FMOD file thread. Priority: 1, Stack Size: 49152, Semaphore: No, Sleep Time: 10, Looping: Yes.
[LOG] AsyncThread::threadFunc                  : Finished Asynchronous operation on sound 000001B82AFE3478
[LOG] AsyncThread::threadFunc                  : Starting Asynchronous operation on sound 000001B87CB9E988
[LOG] SystemI::createSoundInternal             :     Create name='FMOD_Banks/Desktop/Master.bank', mode=0x02010082
[LOG] SystemI::createSoundInternal             :     exinfo->cbsize             = 224
[LOG] SystemI::createSoundInternal             :     exinfo->length             = 924384
[LOG] SystemI::createSoundInternal             :     exinfo->fileoffset         = 11552
[LOG] SystemI::createSoundInternal             :     exinfo->numsubsounds       = 1
[LOG] SystemI::createSoundInternal             :     exinfo->inclusionlist      = 000001B835A68090
[LOG] SystemI::createSoundInternal             :     exinfo->inclusionlistnum   = 1
[LOG] SystemI::createSoundInternal             :     exinfo->suggestedsoundtype = 5
[LOG] SystemI::createSoundInternal             :     exinfo->initialseekpostype = 1
[LOG] SystemI::createSoundInternal             :     Stream 0/1: name='C', format=2, channels=2, frequency=48000, lengthbytes=187616, lengthpcm=768000, pcmblocksize=0, loopstart=0, loopend=0, mode=0x00000000, channelmask=0x00000000, channelorder=0, peakvolume=0.474854.
[LOG] AsyncThread::threadFunc                  : Finished Asynchronous operation on sound 000001B87CB9E988
[LOG] SoundI::getSubSound                      : sound 000001B82AFE3478.  Subsound index 0 / 1
[LOG] SoundI::getSubSound                      : sound 000001B87CB9E988.  Subsound index 0 / 1
[LOG] SystemI::createSound                     : filename = FMOD_Banks/Desktop/Master.bank : mode 02010082
[LOG] SystemI::createSound                     : FMOD_NONBLOCKING specified.  Putting into queue to be opened asynchronously!
[LOG] SystemI::createSound                     : setdata soundi = 000001B82C8C92C8 : node = 000001B835A68980
[LOG] SystemI::createSound                     : add node to async list : head = 000001B830C81A28.  list count = 0
[LOG] AsyncThread::threadFunc                  : Starting Asynchronous operation on sound 000001B82C8C92C8
[LOG] SystemI::createSoundInternal             :     Create name='FMOD_Banks/Desktop/Master.bank', mode=0x02010082
[LOG] SystemI::createSoundInternal             :     exinfo->cbsize             = 224
[LOG] SystemI::createSoundInternal             :     exinfo->length             = 924384
[LOG] SystemI::createSoundInternal             :     exinfo->fileoffset         = 11552
[LOG] SystemI::createSoundInternal             :     exinfo->numsubsounds       = 1
[LOG] SystemI::createSoundInternal             :     exinfo->inclusionlist      = 000001B835A68A90
[LOG] SystemI::createSoundInternal             :     exinfo->inclusionlistnum   = 1
[LOG] SystemI::createSoundInternal             :     exinfo->suggestedsoundtype = 5
[LOG] SystemI::createSoundInternal             :     exinfo->initialseekpostype = 1
[LOG] SystemI::createSoundInternal             :     Stream 0/1: name='G', format=2, channels=2, frequency=48000, lengthbytes=181344, lengthpcm=768000, pcmblocksize=0, loopstart=0, loopend=0, mode=0x00000000, channelmask=0x00000000, channelorder=0, peakvolume=0.475677.
[LOG] AsyncThread::threadFunc                  : Finished Asynchronous operation on sound 000001B82C8C92C8
[LOG] SoundI::getSubSound                      : sound 000001B82C8C92C8.  Subsound index 0 / 1
[LOG] SystemI::createSound                     : filename = FMOD_Banks/Desktop/Master.bank : mode 02010082
[LOG] SystemI::createSound                     : FMOD_NONBLOCKING specified.  Putting into queue to be opened asynchronously!
[LOG] SystemI::createSound                     : setdata soundi = 000001B82FFEB598 : node = 000001B835A68840
[LOG] SystemI::createSound                     : add node to async list : head = 000001B830C81A28.  list count = 0
[LOG] AsyncThread::threadFunc                  : Starting Asynchronous operation on sound 000001B82FFEB598
[LOG] SystemI::createSoundInternal             :     Create name='FMOD_Banks/Desktop/Master.bank', mode=0x02010082
[LOG] SystemI::createSoundInternal             :     exinfo->cbsize             = 224
[LOG] SystemI::createSoundInternal             :     exinfo->length             = 924384
[LOG] SystemI::createSoundInternal             :     exinfo->fileoffset         = 11552
[LOG] SystemI::createSoundInternal             :     exinfo->numsubsounds       = 1
[LOG] SystemI::createSoundInternal             :     exinfo->inclusionlist      = 000001B835A68950
[LOG] SystemI::createSoundInternal             :     exinfo->inclusionlistnum   = 1
[LOG] SystemI::createSoundInternal             :     exinfo->suggestedsoundtype = 5
[LOG] SystemI::createSoundInternal             :     exinfo->initialseekpostype = 1
[LOG] SystemI::createSoundInternal             :     Stream 0/1: name='F', format=2, channels=2, frequency=48000, lengthbytes=180224, lengthpcm=768000, pcmblocksize=0, loopstart=0, loopend=0, mode=0x00000000, channelmask=0x00000000, channelorder=0, peakvolume=0.407196.
[LOG] AsyncThread::threadFunc                  : Finished Asynchronous operation on sound 000001B82FFEB598
[LOG] SoundI::getSubSound                      : sound 000001B82FFEB598.  Subsound index 0 / 1
[LOG] AsyncThread::threadFunc                  : Starting Asynchronous operation on sound 000001B82FFEBC58
[LOG] AsyncThread::threadFunc                  : Finished Asynchronous operation on sound 000001B82FFEBC58
[LOG] AsyncThread::threadFunc                  : Starting Asynchronous operation on sound 000001B87CB9DC08
[LOG] AsyncThread::threadFunc                  : Finished Asynchronous operation on sound 000001B87CB9DC08
[LOG] AsyncThread::threadFunc                  : Starting Asynchronous operation on sound 000001B82C8CAC18
[LOG] AsyncThread::threadFunc                  : Finished Asynchronous operation on sound 000001B82C8CAC18
[LOG] AsyncThread::threadFunc                  : Starting Asynchronous operation on sound 000001B8350F8DA8
[LOG] AsyncThread::threadFunc                  : Finished Asynchronous operation on sound 000001B8350F8DA8
[LOG] SystemI::createSound                     : filename = FMOD_Banks/Desktop/Master.bank : mode 02010082
[LOG] SystemI::createSound                     : FMOD_NONBLOCKING specified.  Putting into queue to be opened asynchronously!
[LOG] SystemI::createSound                     : setdata soundi = 000001B834FFCBD8 : node = 000001B835A68200
[LOG] SystemI::createSound                     : add node to async list : head = 000001B830C81A28.  list count = 0
[LOG] AsyncThread::threadFunc                  : Starting Asynchronous operation on sound 000001B834FFCBD8
[LOG] SystemI::createSoundInternal             :     Create name='FMOD_Banks/Desktop/Master.bank', mode=0x02010082
[LOG] SystemI::createSoundInternal             :     exinfo->cbsize             = 224
[LOG] SystemI::createSoundInternal             :     exinfo->length             = 924384
[LOG] SystemI::createSoundInternal             :     exinfo->fileoffset         = 11552
[LOG] SystemI::createSoundInternal             :     exinfo->numsubsounds       = 1
[LOG] SystemI::createSoundInternal             :     exinfo->inclusionlist      = 000001B835A68310
[LOG] SystemI::createSoundInternal             :     exinfo->inclusionlistnum   = 1
[LOG] SystemI::createSoundInternal             :     exinfo->suggestedsoundtype = 5
[LOG] SystemI::createSoundInternal             :     exinfo->initialseekpostype = 1
[LOG] SystemI::createSoundInternal             :     Stream 0/1: name='G', format=2, channels=2, frequency=48000, lengthbytes=181344, lengthpcm=768000, pcmblocksize=0, loopstart=0, loopend=0, mode=0x00000000, channelmask=0x00000000, channelorder=0, peakvolume=0.475677.
[LOG] AsyncThread::threadFunc                  : Finished Asynchronous operation on sound 000001B834FFCBD8
[LOG] SoundI::getSubSound                      : sound 000001B834FFCBD8.  Subsound index 0 / 1
[LOG] SystemI::createSound                     : filename = FMOD_Banks/Desktop/Master.bank : mode 02010082
[LOG] SystemI::createSound                     : FMOD_NONBLOCKING specified.  Putting into queue to be opened asynchronously!
[LOG] SystemI::createSound                     : setdata soundi = 000001B834FFC008 : node = 000001B835A68340
[LOG] SystemI::createSound                     : add node to async list : head = 000001B830C81A28.  list count = 0
[LOG] AsyncThread::threadFunc                  : Starting Asynchronous operation on sound 000001B834FFC008
[LOG] SystemI::createSoundInternal             :     Create name='FMOD_Banks/Desktop/Master.bank', mode=0x02010082
[LOG] SystemI::createSoundInternal             :     exinfo->cbsize             = 224
[LOG] SystemI::createSoundInternal             :     exinfo->length             = 924384
[LOG] SystemI::createSoundInternal             :     exinfo->fileoffset         = 11552
[LOG] SystemI::createSoundInternal             :     exinfo->numsubsounds       = 1
[LOG] SystemI::createSoundInternal             :     exinfo->inclusionlist      = 000001B835A68450
[LOG] SystemI::createSoundInternal             :     exinfo->inclusionlistnum   = 1
[LOG] SystemI::createSoundInternal             :     exinfo->suggestedsoundtype = 5
[LOG] SystemI::createSoundInternal             :     exinfo->initialseekpostype = 1
[LOG] SystemI::createSoundInternal             :     Stream 0/1: name='B', format=2, channels=2, frequency=48000, lengthbytes=188416, lengthpcm=768000, pcmblocksize=0, loopstart=0, loopend=0, mode=0x00000000, channelmask=0x00000000, channelorder=0, peakvolume=0.487549.
[LOG] AsyncThread::threadFunc                  : Finished Asynchronous operation on sound 000001B834FFC008
[LOG] SoundI::getSubSound                      : sound 000001B834FFC008.  Subsound index 0 / 1
[LOG] SystemI::createSound                     : filename = FMOD_Banks/Desktop/Master.bank : mode 02010082
[LOG] SystemI::createSound                     : FMOD_NONBLOCKING specified.  Putting into queue to be opened asynchronously!
[LOG] SystemI::createSound                     : setdata soundi = 000001B834FFCF38 : node = 000001B835A68AC0
[LOG] SystemI::createSound                     : add node to async list : head = 000001B830C81A28.  list count = 0
[LOG] AsyncThread::threadFunc                  : Starting Asynchronous operation on sound 000001B834FFCF38
[LOG] SystemI::createSoundInternal             :     Create name='FMOD_Banks/Desktop/Master.bank', mode=0x02010082
[LOG] SystemI::createSoundInternal             :     exinfo->cbsize             = 224
[LOG] SystemI::createSoundInternal             :     exinfo->length             = 924384
[LOG] SystemI::createSoundInternal             :     exinfo->fileoffset         = 11552
[LOG] SystemI::createSoundInternal             :     exinfo->numsubsounds       = 1
[LOG] SystemI::createSoundInternal             :     exinfo->inclusionlist      = 000001B835A68BD0
[LOG] SystemI::createSoundInternal             :     exinfo->inclusionlistnum   = 1
[LOG] SystemI::createSoundInternal             :     exinfo->suggestedsoundtype = 5
[LOG] SystemI::createSoundInternal             :     exinfo->initialseekpostype = 1
[LOG] SystemI::createSoundInternal             :     Stream 0/1: name='d', format=2, channels=2, frequency=48000, lengthbytes=185888, lengthpcm=768000, pcmblocksize=0, loopstart=0, loopend=0, mode=0x00000000, channelmask=0x00000000, channelorder=0, peakvolume=0.380402.
[LOG] AsyncThread::threadFunc                  : Finished Asynchronous operation on sound 000001B834FFCF38
[LOG] SoundI::getSubSound                      : sound 000001B834FFCF38.  Subsound index 0 / 1
[LOG] SystemI::createSound                     : filename = FMOD_Banks/Desktop/Master.bank : mode 02010082
[LOG] SystemI::createSound                     : FMOD_NONBLOCKING specified.  Putting into queue to be opened asynchronously!
[LOG] SystemI::createSound                     : setdata soundi = 000001B834FFD298 : node = 000001B835A69380
[LOG] SystemI::createSound                     : add node to async list : head = 000001B830C81A28.  list count = 0
[LOG] AsyncThread::threadFunc                  : Starting Asynchronous operation on sound 000001B834FFD298
[LOG] SystemI::createSoundInternal             :     Create name='FMOD_Banks/Desktop/Master.bank', mode=0x02010082
[LOG] SystemI::createSoundInternal             :     exinfo->cbsize             = 224
[LOG] SystemI::createSoundInternal             :     exinfo->length             = 924384
[LOG] SystemI::createSoundInternal             :     exinfo->fileoffset         = 11552
[LOG] SystemI::createSoundInternal             :     exinfo->numsubsounds       = 1
[LOG] SystemI::createSoundInternal             :     exinfo->inclusionlist      = 000001B835A69490
[LOG] SystemI::createSoundInternal             :     exinfo->inclusionlistnum   = 1
[LOG] SystemI::createSoundInternal             :     exinfo->suggestedsoundtype = 5
[LOG] SystemI::createSoundInternal             :     exinfo->initialseekpostype = 1
[LOG] SystemI::createSoundInternal             :     Stream 0/1: name='C', format=2, channels=2, frequency=48000, lengthbytes=187616, lengthpcm=768000, pcmblocksize=0, loopstart=0, loopend=0, mode=0x00000000, channelmask=0x00000000, channelorder=0, peakvolume=0.474854.
[LOG] AsyncThread::threadFunc                  : Finished Asynchronous operation on sound 000001B834FFD298
[LOG] SoundI::getSubSound                      : sound 000001B834FFD298.  Subsound index 0 / 1
[LOG] SystemI::createSound                     : filename = FMOD_Banks/Desktop/Master.bank : mode 02010082
[LOG] SystemI::createSound                     : FMOD_NONBLOCKING specified.  Putting into queue to be opened asynchronously!
[LOG] SystemI::createSound                     : setdata soundi = 000001B834FFD0E8 : node = 000001B835A694C0
[LOG] SystemI::createSound                     : add node to async list : head = 000001B830C81A28.  list count = 0
[LOG] AsyncThread::threadFunc                  : Starting Asynchronous operation on sound 000001B834FFD0E8
[LOG] SystemI::createSoundInternal             :     Create name='FMOD_Banks/Desktop/Master.bank', mode=0x02010082
[LOG] SystemI::createSoundInternal             :     exinfo->cbsize             = 224
[LOG] SystemI::createSoundInternal             :     exinfo->length             = 924384
[LOG] SystemI::createSoundInternal             :     exinfo->fileoffset         = 11552
[LOG] SystemI::createSoundInternal             :     exinfo->numsubsounds       = 1
[LOG] SystemI::createSoundInternal             :     exinfo->inclusionlist      = 000001B835A695D0
[LOG] SystemI::createSoundInternal             :     exinfo->inclusionlistnum   = 1
[LOG] SystemI::createSoundInternal             :     exinfo->suggestedsoundtype = 5
[LOG] SystemI::createSoundInternal             :     exinfo->initialseekpostype = 1
[LOG] SystemI::createSoundInternal             :     Stream 0/1: name='F', format=2, channels=2, frequency=48000, lengthbytes=180224, lengthpcm=768000, pcmblocksize=0, loopstart=0, loopend=0, mode=0x00000000, channelmask=0x00000000, channelorder=0, peakvolume=0.407196.
[LOG] AsyncThread::threadFunc                  : Finished Asynchronous operation on sound 000001B834FFD0E8
[LOG] SoundI::getSubSound                      : sound 000001B834FFD0E8.  Subsound index 0 / 1
[LOG] SoundI::release                          : C (000001B87CB9E988)
[LOG] SoundI::release                          :     C (000001B830C81738)
[LOG] SoundI::release                          :     C (000001B82C8CAC18)
[LOG] SoundI::release                          : C (000001B82AFE3478)
[LOG] SoundI::release                          :     C (000001B830C878B8)
[LOG] SoundI::release                          :     C (000001B87CB9DC08)
[LOG] SystemI::createSound                     : filename = FMOD_Banks/Desktop/Master.bank : mode 02010082
[LOG] SystemI::createSound                     : FMOD_NONBLOCKING specified.  Putting into queue to be opened asynchronously!
[LOG] SystemI::createSound                     : setdata soundi = 000001B834FFBCA8 : node = 000001B835A67F80
[LOG] SystemI::createSound                     : add node to async list : head = 000001B830C81A28.  list count = 0
[LOG] AsyncThread::threadFunc                  : Starting Asynchronous operation on sound 000001B834FFBCA8
[LOG] SystemI::createSoundInternal             :     Create name='FMOD_Banks/Desktop/Master.bank', mode=0x02010082
[LOG] SystemI::createSoundInternal             :     exinfo->cbsize             = 224
[LOG] SystemI::createSoundInternal             :     exinfo->length             = 924384
[LOG] SystemI::createSoundInternal             :     exinfo->fileoffset         = 11552
[LOG] SystemI::createSoundInternal             :     exinfo->numsubsounds       = 1
[LOG] SystemI::createSoundInternal             :     exinfo->inclusionlist      = 000001B835A68090
[LOG] SystemI::createSoundInternal             :     exinfo->inclusionlistnum   = 1
[LOG] SystemI::createSoundInternal             :     exinfo->suggestedsoundtype = 5
[LOG] SystemI::createSoundInternal             :     exinfo->initialseekpostype = 1
[LOG] SystemI::createSoundInternal             :     Stream 0/1: name='C', format=2, channels=2, frequency=48000, lengthbytes=187616, lengthpcm=768000, pcmblocksize=0, loopstart=0, loopend=0, mode=0x00000000, channelmask=0x00000000, channelorder=0, peakvolume=0.474854.
[LOG] AsyncThread::threadFunc                  : Finished Asynchronous operation on sound 000001B834FFBCA8
[LOG] SoundI::getSubSound                      : sound 000001B834FFBCA8.  Subsound index 0 / 1
[LOG] SystemI::createSound                     : filename = FMOD_Banks/Desktop/Master.bank : mode 02010082
[LOG] SystemI::createSound                     : FMOD_NONBLOCKING specified.  Putting into queue to be opened asynchronously!
[LOG] SystemI::createSound                     : setdata soundi = 000001B834FFD958 : node = 000001B835A685C0
[LOG] SystemI::createSound                     : add node to async list : head = 000001B830C81A28.  list count = 0
[LOG] AsyncThread::threadFunc                  : Starting Asynchronous operation on sound 000001B834FFD958
[LOG] SystemI::createSoundInternal             :     Create name='FMOD_Banks/Desktop/Master.bank', mode=0x02010082
[LOG] SystemI::createSoundInternal             :     exinfo->cbsize             = 224
[LOG] SystemI::createSoundInternal             :     exinfo->length             = 924384
[LOG] SystemI::createSoundInternal             :     exinfo->fileoffset         = 11552
[LOG] SystemI::createSoundInternal             :     exinfo->numsubsounds       = 1
[LOG] SystemI::createSoundInternal             :     exinfo->inclusionlist      = 000001B835A686D0
[LOG] SystemI::createSoundInternal             :     exinfo->inclusionlistnum   = 1
[LOG] SystemI::createSoundInternal             :     exinfo->suggestedsoundtype = 5
[LOG] SystemI::createSoundInternal             :     exinfo->initialseekpostype = 1
[LOG] SystemI::createSoundInternal             :     Stream 0/1: name='B', format=2, channels=2, frequency=48000, lengthbytes=188416, lengthpcm=768000, pcmblocksize=0, loopstart=0, loopend=0, mode=0x00000000, channelmask=0x00000000, channelorder=0, peakvolume=0.487549.
[LOG] AsyncThread::threadFunc                  : Finished Asynchronous operation on sound 000001B834FFD958
[LOG] SoundI::getSubSound                      : sound 000001B834FFD958.  Subsound index 0 / 1
[LOG] SystemI::createSound                     : filename = FMOD_Banks/Desktop/Master.bank : mode 02010082
[LOG] SystemI::createSound                     : FMOD_NONBLOCKING specified.  Putting into queue to be opened asynchronously!
[LOG] SystemI::createSound                     : setdata soundi = 000001B834FFC518 : node = 000001B87CA1B760
[LOG] SystemI::createSound                     : add node to async list : head = 000001B830C81A28.  list count = 0
[LOG] AsyncThread::threadFunc                  : Starting Asynchronous operation on sound 000001B834FFC518
[LOG] SystemI::createSoundInternal             :     Create name='FMOD_Banks/Desktop/Master.bank', mode=0x02010082
[LOG] SystemI::createSoundInternal             :     exinfo->cbsize             = 224
[LOG] SystemI::createSoundInternal             :     exinfo->length             = 924384
[LOG] SystemI::createSoundInternal             :     exinfo->fileoffset         = 11552
[LOG] SystemI::createSoundInternal             :     exinfo->numsubsounds       = 1
[LOG] SystemI::createSoundInternal             :     exinfo->inclusionlist      = 000001B87CA1B870
[LOG] SystemI::createSoundInternal             :     exinfo->inclusionlistnum   = 1
[LOG] SystemI::createSoundInternal             :     exinfo->suggestedsoundtype = 5
[LOG] SystemI::createSoundInternal             :     exinfo->initialseekpostype = 1
[LOG] SystemI::createSoundInternal             :     Stream 0/1: name='F', format=2, channels=2, frequency=48000, lengthbytes=180224, lengthpcm=768000, pcmblocksize=0, loopstart=0, loopend=0, mode=0x00000000, channelmask=0x00000000, channelorder=0, peakvolume=0.407196.
[LOG] AsyncThread::threadFunc                  : Finished Asynchronous operation on sound 000001B834FFC518
[LOG] SoundI::getSubSound                      : sound 000001B834FFC518.  Subsound index 0 / 1
[LOG] SoundI::release                          : G (000001B82C8C92C8)
[LOG] SoundI::release                          :     G (000001B830C81C18)
[LOG] SoundI::release                          :     G (000001B82FFEBC58)
[LOG] SoundI::release                          : F (000001B82FFEB598)
[LOG] SoundI::release                          :     F (000001B830C81DB8)
[LOG] SoundI::release                          :     F (000001B8350F8DA8)
[LOG] SystemI::createSound                     : filename = FMOD_Banks/Desktop/Master.bank : mode 02010082
[LOG] SystemI::createSound                     : FMOD_NONBLOCKING specified.  Putting into queue to be opened asynchronously!
[LOG] SystemI::createSound                     : setdata soundi = 000001B834FFC878 : node = 000001B87CA1B120
[LOG] SystemI::createSound                     : add node to async list : head = 000001B830C81A28.  list count = 0
[LOG] AsyncThread::threadFunc                  : Starting Asynchronous operation on sound 000001B834FFC878
[LOG] SystemI::createSoundInternal             :     Create name='FMOD_Banks/Desktop/Master.bank', mode=0x02010082
[LOG] SystemI::createSoundInternal             :     exinfo->cbsize             = 224
[LOG] SystemI::createSoundInternal             :     exinfo->length             = 924384
[LOG] SystemI::createSoundInternal             :     exinfo->fileoffset         = 11552
[LOG] SystemI::createSoundInternal             :     exinfo->numsubsounds       = 1
[LOG] SystemI::createSoundInternal             :     exinfo->inclusionlist      = 000001B87CA1B230
[LOG] SystemI::createSoundInternal             :     exinfo->inclusionlistnum   = 1
[LOG] SystemI::createSoundInternal             :     exinfo->suggestedsoundtype = 5
[LOG] SystemI::createSoundInternal             :     exinfo->initialseekpostype = 1
[LOG] SystemI::createSoundInternal             :     Stream 0/1: name='G', format=2, channels=2, frequency=48000, lengthbytes=181344, lengthpcm=768000, pcmblocksize=0, loopstart=0, loopend=0, mode=0x00000000, channelmask=0x00000000, channelorder=0, peakvolume=0.475677.
[LOG] AsyncThread::threadFunc                  : Finished Asynchronous operation on sound 000001B834FFC878
[LOG] SoundI::getSubSound                      : sound 000001B834FFC878.  Subsound index 0 / 1
[LOG] SoundI::release                          : F (000001B834FFC518)
[LOG] SoundI::release                          :     F (000001B830C87F38)
[LOG] SoundI::release                          :     F (000001B834FFC6C8)
[LOG] SoundI::release                          : B (000001B834FFD958)
[LOG] SoundI::release                          :     B (000001B830C878B8)
[LOG] SoundI::release                          :     B (000001B834FFC1B8)
[LOG] SoundI::release                          : C (000001B834FFBCA8)
[LOG] SoundI::release                          :     C (000001B830C81738)
[LOG] SoundI::release                          :     C (000001B834FFD7A8)
[LOG] SoundI::release                          : F (000001B834FFD0E8)
[LOG] SoundI::release                          :     F (000001B830C82C58)
[LOG] SoundI::release                          :     F (000001B834FFD448)
[LOG] SoundI::release                          : C (000001B834FFD298)
[LOG] SoundI::release                          :     C (000001B830C82298)
[LOG] SoundI::release                          :     C (000001B834FFCD88)
[LOG] SoundI::release                          : d (000001B834FFCF38)
[LOG] SoundI::release                          :     d (000001B830C81F58)
[LOG] SoundI::release                          :     d (000001B834FFBE58)
[LOG] SoundI::release                          : B (000001B834FFC008)
[LOG] SoundI::release                          :     B (000001B830C87718)
[LOG] SoundI::release                          :     B (000001B834FFD5F8)
[LOG] SoundI::release                          : G (000001B834FFCBD8)
[LOG] SoundI::release                          :     G (000001B830C82AB8)
[LOG] SoundI::release                          :     G (000001B834FFC368)
[LOG] SystemI::createSound                     : filename = FMOD_Banks/Desktop/Master.bank : mode 02010082
[LOG] SystemI::createSound                     : FMOD_NONBLOCKING specified.  Putting into queue to be opened asynchronously!
[LOG] SystemI::createSound                     : setdata soundi = 000001B82C8CAC18 : node = 000001B87CA1B260
[LOG] SystemI::createSound                     : add node to async list : head = 000001B830C81A28.  list count = 0
[LOG] AsyncThread::threadFunc                  : Starting Asynchronous operation on sound 000001B82C8CAC18
[LOG] SystemI::createSoundInternal             :     Create name='FMOD_Banks/Desktop/Master.bank', mode=0x02010082
[LOG] SystemI::createSoundInternal             :     exinfo->cbsize             = 224
[LOG] SystemI::createSoundInternal             :     exinfo->length             = 924384
[LOG] SystemI::createSoundInternal             :     exinfo->fileoffset         = 11552
[LOG] SystemI::createSoundInternal             :     exinfo->numsubsounds       = 1
[LOG] SystemI::createSoundInternal             :     exinfo->inclusionlist      = 000001B87CA1B370
[LOG] SystemI::createSoundInternal             :     exinfo->inclusionlistnum   = 1
[LOG] SystemI::createSoundInternal             :     exinfo->suggestedsoundtype = 5
[LOG] SystemI::createSoundInternal             :     exinfo->initialseekpostype = 1
[LOG] SystemI::createSoundInternal             :     Stream 0/1: name='B', format=2, channels=2, frequency=48000, lengthbytes=188416, lengthpcm=768000, pcmblocksize=0, loopstart=0, loopend=0, mode=0x00000000, channelmask=0x00000000, channelorder=0, peakvolume=0.487549.
[LOG] AsyncThread::threadFunc                  : Finished Asynchronous operation on sound 000001B82C8CAC18
[LOG] SoundI::getSubSound                      : sound 000001B82C8CAC18.  Subsound index 0 / 1
[LOG] SoundI::release                          : G (000001B834FFC878)
[LOG] SoundI::release                          :     G (000001B8307680E8)
[LOG] SoundI::release                          :     G (000001B82C8C92C8)
[LOG] SoundI::release                          : B (000001B82C8CAC18)
[LOG] SoundI::release                          :     B (000001B8307697A8)
[LOG] SoundI::release                          :     B (000001B834FFCD88)
[LOG] Thread::callback                         : FMOD Studio bank load thread finished.
[LOG] Thread::callback                         : FMOD Studio sample load thread finished.
[LOG] LiveUpdate::release                      : 
[LOG] LiveUpdate::reset                        : Reset connection (reason Disconnected)
[LOG] Thread::callback                         : FMOD stream thread finished.
[LOG] Thread::callback                         : FMOD mixer thread finished.
[LOG] Thread::callback                         : FMOD nonblocking thread (0) finished.
[LOG] Thread::callback                         : FMOD file thread finished.
[LOG] SystemI::close                           : Closed.
